Wed May 16 12:33:55 CEST 2018	grethe123	Logged in.
Wed May 16 12:34:02 CEST 2018	grethe123	Created Citizen: Borgernavn: dsfdsf	BorgerID: 34134
Wed May 16 12:34:06 CEST 2018	grethe123	Created Inquiry: HendvendelsesID: 34134-2	Borger: dsfdsf	Borgeren er ikke informeret om henvendelsen
Wed May 16 12:34:11 CEST 2018	grethe123	Created case with id: 34134-1
Wed May 16 12:34:32 CEST 2018	grethe123	Deleted case SagsID: 34134-1 	Borgernavn: dsfdsf	BorgerID: 34134	Sagsbehandler: Grethe
Wed May 16 12:34:36 CEST 2018	grethe123	Deleted inquiry: HendvendelsesID: 34134-2	Borger: dsfdsf	Borgeren er ikke informeret om henvendelsen
Wed May 16 12:34:37 CEST 2018	grethe123	Deleted citizens: Borgernavn: dsfdsf	BorgerID: 34134
Wed May 16 12:34:40 CEST 2018	grethe123	Logged out.
Wed May 16 12:35:40 CEST 2018	grethe123	Logged in.
Wed May 16 12:35:59 CEST 2018	grethe123	Created Citizen: Borgernavn: kurt	BorgerID: 66556655
Wed May 16 12:36:11 CEST 2018	grethe123	Created Inquiry: HendvendelsesID: 66556655-2	Borger: kurt	Borgeren er informeret om henvendelsen
Wed May 16 12:36:50 CEST 2018	grethe123	Created case with id: 66556655-1
Wed May 16 12:37:39 CEST 2018	grethe123	Deleted inquiry: HendvendelsesID: 66556655-2	Borger: kurt	Borgeren er informeret om henvendelsen
Wed May 16 12:37:40 CEST 2018	grethe123	Deleted citizens: Borgernavn: kurt	BorgerID: 66556655
Wed May 16 12:37:42 CEST 2018	grethe123	Logged out.
Wed May 16 12:40:42 CEST 2018	grethe123	Logged in.
Wed May 16 12:40:49 CEST 2018	grethe123	Edited Citizen: Borgernavn: Bob	BorgerID: 123456-2345
Wed May 16 12:41:07 CEST 2018	grethe123	Edited Inquiry: HendvendelsesID: 0987	Borger: Bob	Borgeren er informeret om henvendelsen
Wed May 16 12:41:30 CEST 2018	grethe123	Edited Inquiry: HendvendelsesID: 0987	Borger: Bob	Borgeren er ikke informeret om henvendelsen
Wed May 16 12:41:59 CEST 2018	grethe123	Created case with id: 123456-2345-1
Wed May 16 12:42:04 CEST 2018	grethe123	Edited Case: SagsID: 123456-2345-1 	Borgernavn: Bob	BorgerID: 123456-2345	Sagsbehandler: Grethe
Wed May 16 12:42:21 CEST 2018	grethe123	Edited Case: SagsID: 123456-2345-1 	Borgernavn: Bob	BorgerID: 123456-2345	Sagsbehandler: Grethe
Wed May 16 12:42:29 CEST 2018	grethe123	Logged out.
